<?xml version="1.0" encoding="UTF-8"?>
<!-- Generated by org.testng.reporters.JUnitReportReporter -->
<testsuite hostname="hp" failures="0" tests="1" name="StringProgram.ReverseAString" time="0.008" errors="0" timestamp="2023-08-24T17:15:23 IST" skipped="0">
  <testcase classname="StringProgram.ReverseAString" name="a" time="0.008"/>
  <system-out/>
</testsuite> <!-- StringProgram.ReverseAString -->
