<?xml version="1.0" encoding="UTF-8"?>
<!-- Generated by org.testng.reporters.JUnitReportReporter -->
<testsuite hostname="hp" failures="0" tests="1" name="StringProgram.RemoveTheDuplicateStringInAnArray" time="0.008" errors="0" timestamp="2023-08-30T12:40:10 IST" skipped="0">
  <testcase classname="StringProgram.RemoveTheDuplicateStringInAnArray" name="procedure3" time="0.008"/>
  <system-out/>
</testsuite> <!-- StringProgram.RemoveTheDuplicateStringInAnArray -->
