<?xml version="1.0" encoding="UTF-8"?>
<!-- Generated by org.testng.reporters.JUnitReportReporter -->
<testsuite hostname="hp" failures="0" tests="1" name="NumberProgram.FibonanciSerieseWhichTheNumberIsDivisibleBy3And5" time="0.008" errors="0" timestamp="2023-08-10T17:15:06 IST" skipped="0">
  <testcase classname="NumberProgram.FibonanciSerieseWhichTheNumberIsDivisibleBy3And5" name="t" time="0.008"/>
  <system-out/>
</testsuite> <!-- NumberProgram.FibonanciSerieseWhichTheNumberIsDivisibleBy3And5 -->
