<?xml version="1.0" encoding="UTF-8"?>
<!-- Generated by org.testng.reporters.JUnitReportReporter -->
<testsuite hostname="hp" failures="0" tests="1" name="StringProgram.CountTheNumberOfWordPresentInAString" time="0.048" errors="0" timestamp="2023-08-19T23:40:27 IST" skipped="0">
  <testcase classname="StringProgram.CountTheNumberOfWordPresentInAString" name="rDate" time="0.048"/>
  <system-out/>
</testsuite> <!-- StringProgram.CountTheNumberOfWordPresentInAString -->
