<?xml version="1.0" encoding="UTF-8"?>
<!-- Generated by org.testng.reporters.JUnitReportReporter -->
<testsuite hostname="hp" failures="0" tests="1" name="StringProgram.ReverseEachWordInAString" time="0.008" errors="0" timestamp="2023-08-23T14:17:16 IST" skipped="0">
  <testcase classname="StringProgram.ReverseEachWordInAString" name="reverseEachWordInAString" time="0.008"/>
  <system-out/>
</testsuite> <!-- StringProgram.ReverseEachWordInAString -->
