<?xml version="1.0" encoding="UTF-8"?>
<!-- Generated by org.testng.reporters.JUnitReportReporter -->
<testsuite hostname="hp" failures="0" tests="1" name="StringProgram.Input_MynameIsSeleniumANdOutPutIs_av_ajsi_em_anym" time="2.126" errors="0" timestamp="2023-09-19T16:47:04 IST" skipped="0">
  <testcase classname="StringProgram.Input_MynameIsSeleniumANdOutPutIs_av_ajsi_em_anym" name="selenium" time="2.126"/>
  <system-out/>
</testsuite> <!-- StringProgram.Input_MynameIsSeleniumANdOutPutIs_av_ajsi_em_anym -->
