<?xml version="1.0" encoding="UTF-8"?>
<!-- Generated by org.testng.reporters.JUnitReportReporter -->
<testsuite hostname="hp" failures="0" tests="1" name="mapProgram.OccuranceOfDuplicateUsingMap" time="0.008" errors="0" timestamp="2023-09-18T21:43:24 IST" skipped="0">
  <testcase classname="mapProgram.OccuranceOfDuplicateUsingMap" name="occuranceOfDuplicateWordInAString" time="0.008"/>
  <system-out/>
</testsuite> <!-- mapProgram.OccuranceOfDuplicateUsingMap -->
