<?xml version="1.0" encoding="UTF-8"?>
<!-- Generated by org.testng.reporters.JUnitReportReporter -->
<testsuite hostname="hp" failures="0" tests="1" name="StringProgram.SeleniumAndOUtPuts_se_sel_sele_selen_seleni_seleniu_selenium" time="0.007" errors="0" timestamp="2023-08-07T17:44:37 IST" skipped="0">
  <testcase classname="StringProgram.SeleniumAndOUtPuts_se_sel_sele_selen_seleni_seleniu_selenium" name="prtc1" time="0.007"/>
  <system-out/>
</testsuite> <!-- StringProgram.SeleniumAndOUtPuts_se_sel_sele_selen_seleni_seleniu_selenium -->
