<?xml version="1.0" encoding="UTF-8"?>
<!-- Generated by org.testng.reporters.JUnitReportReporter -->
<testsuite hostname="hp" failures="0" tests="1" name="StringProgram.ReverseStringUsingWhileLoop" time="0.008" errors="0" timestamp="2023-08-10T16:28:41 IST" skipped="0">
  <testcase classname="StringProgram.ReverseStringUsingWhileLoop" name="t3" time="0.008"/>
  <system-out/>
</testsuite> <!-- StringProgram.ReverseStringUsingWhileLoop -->
